2024-10-21T14:45:35.443089+05:00 - glob converted to regex: Glob { glob: "**/*", re: "(?-u)^(?:/?|.*/)[^/]*$", opts: GlobOptions { case_insensitive: false, literal_separator: true, backslash_escape: true, empty_alternates: false }, tokens: Tokens([RecursivePrefix, ZeroOrMore]) }
2024-10-21T14:45:35.443171+05:00 - built glob set; 0 literals, 0 basenames, 0 extensions, 0 prefixes, 0 suffixes, 0 required extensions, 1 regexes
2024-10-21T14:45:35.448467+05:00 - starting 12 workers
2024-10-21T14:45:35.448556+05:00 - Actix runtime found; starting in Actix runtime
2024-10-21T14:45:35.448628+05:00 - starting service: "actix-web-service-127.0.0.1:8080", workers: 12, listening on: 127.0.0.1:8080
2024-10-21T14:47:35.944006+05:00 - SIGINT received; starting forced shutdown
2024-10-21T14:47:35.944842+05:00 - paused accepting connections on 127.0.0.1:8080
2024-10-21T14:47:35.945145+05:00 - shutting down idle worker
2024-10-21T14:47:35.945318+05:00 - shutting down idle worker
2024-10-21T14:47:35.945607+05:00 - shutting down idle worker
2024-10-21T14:47:35.945932+05:00 - shutting down idle worker
2024-10-21T14:47:35.946098+05:00 - shutting down idle worker
2024-10-21T14:47:35.946292+05:00 - shutting down idle worker
2024-10-21T14:47:35.946402+05:00 - shutting down idle worker
2024-10-21T14:47:35.946534+05:00 - shutting down idle worker
2024-10-21T14:47:35.946662+05:00 - shutting down idle worker
2024-10-21T14:47:35.946759+05:00 - shutting down idle worker
2024-10-21T14:47:35.946881+05:00 - shutting down idle worker
2024-10-21T14:47:35.947061+05:00 - shutting down idle worker
2024-10-21T14:47:35.947100+05:00 - accept thread stopped
2024-10-21T14:47:38.818043+05:00 - glob converted to regex: Glob { glob: "**/*", re: "(?-u)^(?:/?|.*/)[^/]*$", opts: GlobOptions { case_insensitive: false, literal_separator: true, backslash_escape: true, empty_alternates: false }, tokens: Tokens([RecursivePrefix, ZeroOrMore]) }
2024-10-21T14:47:38.818113+05:00 - built glob set; 0 literals, 0 basenames, 0 extensions, 0 prefixes, 0 suffixes, 0 required extensions, 1 regexes
2024-10-21T14:47:49.273179+05:00 - glob converted to regex: Glob { glob: "**/*", re: "(?-u)^(?:/?|.*/)[^/]*$", opts: GlobOptions { case_insensitive: false, literal_separator: true, backslash_escape: true, empty_alternates: false }, tokens: Tokens([RecursivePrefix, ZeroOrMore]) }
2024-10-21T14:47:49.273247+05:00 - built glob set; 0 literals, 0 basenames, 0 extensions, 0 prefixes, 0 suffixes, 0 required extensions, 1 regexes
2024-10-21T14:47:49.280139+05:00 - starting 12 workers
2024-10-21T14:47:49.280234+05:00 - Actix runtime found; starting in Actix runtime
2024-10-21T14:47:49.280306+05:00 - starting service: "actix-web-service-0.0.0.0:8080", workers: 12, listening on: 0.0.0.0:8080
2024-10-21T14:48:45.108081+05:00 - starting new connection: https://telegram.org/
2024-10-21T14:48:45.108616+05:00 - resolving host="telegram.org"
2024-10-21T14:48:45.125144+05:00 - connecting to [2001:67c:4e8:f004::9]:443
2024-10-21T14:48:45.426979+05:00 - connecting to 149.154.167.99:443
2024-10-21T14:48:45.436318+05:00 - connected to [2001:67c:4e8:f004::9]:443
2024-10-21T14:48:45.728587+05:00 - flushed 65 bytes
2024-10-21T14:48:45.881875+05:00 - parsed 10 headers
2024-10-21T14:48:45.882595+05:00 - incoming body is empty
2024-10-21T14:48:45.884267+05:00 - pooling idle connection for ("https", telegram.org)
2024-10-21T14:48:45.884897+05:00 - redirecting 'https://telegram.org/dl/desktop/win' to 'https://td.telegram.org/tsetup/tsetup.5.6.3.exe'
2024-10-21T14:48:45.885213+05:00 - starting new connection: https://td.telegram.org/
2024-10-21T14:48:45.885445+05:00 - resolving host="td.telegram.org"
2024-10-21T14:48:45.898735+05:00 - connecting to [2001:67c:4e8:f004::9]:443
2024-10-21T14:48:46.018379+05:00 - connected to [2001:67c:4e8:f004::9]:443
2024-10-21T14:48:46.319640+05:00 - flushed 123 bytes
2024-10-21T14:48:46.605431+05:00 - parsed 10 headers
2024-10-21T14:48:46.605618+05:00 - incoming body is content-length (41653096 bytes)
2024-10-21T14:48:51.470465+05:00 - incoming body completed
2024-10-21T14:48:51.470789+05:00 - pooling idle connection for ("https", td.telegram.org)
2024-10-21T14:49:19.755473+05:00 - SIGINT received; starting forced shutdown
2024-10-21T14:49:19.756279+05:00 - paused accepting connections on 0.0.0.0:8080
2024-10-21T14:49:19.756478+05:00 - shutting down idle worker
2024-10-21T14:49:19.756634+05:00 - shutting down idle worker
2024-10-21T14:49:19.756737+05:00 - shutting down idle worker
2024-10-21T14:49:19.756892+05:00 - shutting down idle worker
2024-10-21T14:49:19.757366+05:00 - shutting down idle worker
2024-10-21T14:49:19.757477+05:00 - shutting down idle worker
2024-10-21T14:49:19.757666+05:00 - shutting down idle worker
2024-10-21T14:49:19.757803+05:00 - shutting down idle worker
2024-10-21T14:49:19.758230+05:00 - shutting down idle worker
2024-10-21T14:49:19.758450+05:00 - shutting down idle worker
2024-10-21T14:49:19.758686+05:00 - shutting down idle worker
2024-10-21T14:49:19.758831+05:00 - shutting down idle worker
2024-10-21T14:49:19.758880+05:00 - accept thread stopped
